[2021-12-11T02:02:41.530] [ERROR] errors - User already exists
[2021-12-11T02:05:07.842] [ERROR] errors - User already exists
[2021-12-11T02:05:28.587] [ERROR] errors - User already exists
[2021-12-11T02:08:11.468] [ERROR] errors - User already exists
[2021-12-11T02:11:55.832] [ERROR] errors - User already exists
[2021-12-11T02:16:17.972] [ERROR] errors - User already exists
[2021-12-11T02:21:38.127] [ERROR] errors - User already exists
[2021-12-11T03:02:51.732] [ERROR] errors - User already exists
[2021-12-11T03:06:09.292] [ERROR] errors - User already exists
[2021-12-11T03:06:13.065] [ERROR] errors - User already exists
[2021-12-11T04:37:42.941] [ERROR] errors - User already exists
[2021-12-11T04:40:48.779] [ERROR] errors - Error: getaddrinfo ENOTFOUND gmail
    at GetAddrInfoReqWrap.onlookup [as oncomplete] (dns.js:69:26)
    at GetAddrInfoReqWrap.callbackTrampoline (internal/async_hooks.js:131:17) {
  errno: -3008,
  code: 'EDNS',
  syscall: 'getaddrinfo',
  hostname: 'gmail',
  command: 'CONN'
}
[2021-12-11T04:43:06.681] [ERROR] errors - Error: Missing credentials for "PLAIN"
    at SMTPConnection._formatError (F:\backup\Coderhouse\Backend\ct_at_home\backend\node_modules\nodemailer\lib\smtp-connection\index.js:784:19)
    at SMTPConnection.login (F:\backup\Coderhouse\Backend\ct_at_home\backend\node_modules\nodemailer\lib\smtp-connection\index.js:438:38)
    at F:\backup\Coderhouse\Backend\ct_at_home\backend\node_modules\nodemailer\lib\smtp-transport\index.js:271:32
    at SMTPConnection.<anonymous> (F:\backup\Coderhouse\Backend\ct_at_home\backend\node_modules\nodemailer\lib\smtp-connection\index.js:209:17)
    at Object.onceWrapper (events.js:481:28)
    at SMTPConnection.emit (events.js:375:28)
    at SMTPConnection._actionEHLO (F:\backup\Coderhouse\Backend\ct_at_home\backend\node_modules\nodemailer\lib\smtp-connection\index.js:1319:14)
    at SMTPConnection._processResponse (F:\backup\Coderhouse\Backend\ct_at_home\backend\node_modules\nodemailer\lib\smtp-connection\index.js:947:20)
    at SMTPConnection._onData (F:\backup\Coderhouse\Backend\ct_at_home\backend\node_modules\nodemailer\lib\smtp-connection\index.js:749:14)
    at TLSSocket.SMTPConnection._onSocketData (F:\backup\Coderhouse\Backend\ct_at_home\backend\node_modules\nodemailer\lib\smtp-connection\index.js:189:44) {
  code: 'EAUTH',
  command: 'API'
}
[2021-12-11T18:02:11.968] [ERROR] errors - Error in Saving user: ValidationError: phone: Path `phone` is invalid (+541131122054).
[2021-12-11T18:03:54.314] [ERROR] errors - User already exists
[2021-12-11T18:06:15.079] [ERROR] errors - Error: Invalid login: 535-5.7.8 Username and Password not accepted. Learn more at
535 5.7.8  https://support.google.com/mail/?p=BadCredentials o17sm5008173qtv.30 - gsmtp
    at SMTPConnection._formatError (F:\backup\Coderhouse\Backend\ct_at_home\backend\node_modules\nodemailer\lib\smtp-connection\index.js:784:19)
    at SMTPConnection._actionAUTHComplete (F:\backup\Coderhouse\Backend\ct_at_home\backend\node_modules\nodemailer\lib\smtp-connection\index.js:1536:34)
    at SMTPConnection.<anonymous> (F:\backup\Coderhouse\Backend\ct_at_home\backend\node_modules\nodemailer\lib\smtp-connection\index.js:540:26)
    at SMTPConnection._processResponse (F:\backup\Coderhouse\Backend\ct_at_home\backend\node_modules\nodemailer\lib\smtp-connection\index.js:947:20)
    at SMTPConnection._onData (F:\backup\Coderhouse\Backend\ct_at_home\backend\node_modules\nodemailer\lib\smtp-connection\index.js:749:14)
    at TLSSocket.SMTPConnection._onSocketData (F:\backup\Coderhouse\Backend\ct_at_home\backend\node_modules\nodemailer\lib\smtp-connection\index.js:189:44)
    at TLSSocket.emit (events.js:375:28)
    at addChunk (internal/streams/readable.js:290:12)
    at readableAddChunk (internal/streams/readable.js:265:9)
    at TLSSocket.Readable.push (internal/streams/readable.js:204:10) {
  code: 'EAUTH',
  response: '535-5.7.8 Username and Password not accepted. Learn more at\n' +
    '535 5.7.8  https://support.google.com/mail/?p=BadCredentials o17sm5008173qtv.30 - gsmtp',
  responseCode: 535,
  command: 'AUTH PLAIN'
}
[2021-12-11T18:39:00.678] [ERROR] errors - User already exists
[2021-12-11T19:08:57.798] [ERROR] errors - Error: Product 123444 already exists
[2021-12-11T19:29:16.573] [ERROR] errors - Error: Product 123444 already exists
[2021-12-11T19:30:40.267] [ERROR] errors - Error: Product 123444 already exists
[2021-12-11T19:30:55.695] [ERROR] errors - Error: Product 123444 already exists
[2021-12-11T19:32:19.943] [ERROR] errors - Error: Product 123444 already exists
[2021-12-11T19:35:35.533] [ERROR] errors - User not found
[2021-12-11T19:36:26.745] [ERROR] errors - User not found
[2021-12-11T19:36:38.102] [ERROR] errors - User not found
[2021-12-11T19:36:59.034] [ERROR] errors - User not found
[2021-12-11T19:40:33.149] [ERROR] errors - User not found
[2021-12-11T19:40:36.314] [ERROR] errors - User not found
[2021-12-11T19:40:37.455] [ERROR] errors - User not found
[2021-12-11T20:14:12.124] [ERROR] errors - Error: Product not found
[2021-12-11T20:35:07.808] [ERROR] errors - User not found
[2021-12-11T20:42:12.193] [ERROR] errors - User not found with email username1201000199002@mail.com
[2021-12-11T20:42:12.195] [ERROR] errors - POST /auth/login - AuthenticationError: Unauthorized
[2021-12-11T20:44:27.663] [ERROR] errors - ReferenceError: success is not defined
    at Module.buyCart (file:///F:/backup/Coderhouse/Backend/ct_at_home/backend/src/services/cart.services.mongo.js:124:11)
    at processTicksAndRejections (internal/process/task_queues.js:95:5)
    at async buyCart (file:///F:/backup/Coderhouse/Backend/ct_at_home/backend/src/controllers/cart.controller.js:84:24)
[2021-12-11T20:45:02.642] [ERROR] errors - Error: Error: Request for cart undefined already exists and is pending
    at Module.createRequest (file:///F:/backup/Coderhouse/Backend/ct_at_home/backend/src/services/requests.services.mongo.js:12:9)
    at processTicksAndRejections (internal/process/task_queues.js:95:5)
    at async Module.buyCart (file:///F:/backup/Coderhouse/Backend/ct_at_home/backend/src/services/cart.services.mongo.js:121:3)
    at async buyCart (file:///F:/backup/Coderhouse/Backend/ct_at_home/backend/src/controllers/cart.controller.js:84:24)
[2021-12-11T20:45:12.928] [ERROR] errors - Error: Error: Request for cart undefined already exists and is pending
[2021-12-11T20:46:12.018] [ERROR] errors - Error: Error: Request for cart undefined already exists and is pending
    at Module.createRequest (file:///F:/backup/Coderhouse/Backend/ct_at_home/backend/src/services/requests.services.mongo.js:12:9)
    at processTicksAndRejections (internal/process/task_queues.js:95:5)
    at async Module.buyCart (file:///F:/backup/Coderhouse/Backend/ct_at_home/backend/src/services/cart.services.mongo.js:121:3)
    at async buyCart (file:///F:/backup/Coderhouse/Backend/ct_at_home/backend/src/controllers/cart.controller.js:84:24)
[2021-12-11T20:46:12.019] [ERROR] errors - Error: Error: Request for cart undefined already exists and is pending
[2021-12-11T20:56:57.190] [ERROR] errors - RestException [Error]: The 'To' number +1234567890 is not a valid phone number.
    at success (F:\backup\Coderhouse\Backend\ct_at_home\backend\node_modules\twilio\lib\base\Version.js:135:15)
    at Promise_then_fulfilled (F:\backup\Coderhouse\Backend\ct_at_home\backend\node_modules\q\q.js:766:44)
    at Promise_done_fulfilled (F:\backup\Coderhouse\Backend\ct_at_home\backend\node_modules\q\q.js:835:31)
    at Fulfilled_dispatch [as dispatch] (F:\backup\Coderhouse\Backend\ct_at_home\backend\node_modules\q\q.js:1229:9)
    at Pending_become_eachMessage_task (F:\backup\Coderhouse\Backend\ct_at_home\backend\node_modules\q\q.js:1369:30)
    at RawTask.call (F:\backup\Coderhouse\Backend\ct_at_home\backend\node_modules\asap\asap.js:40:19)
    at flush (F:\backup\Coderhouse\Backend\ct_at_home\backend\node_modules\asap\raw.js:50:29)
    at processTicksAndRejections (internal/process/task_queues.js:77:11) {
  status: 400,
  code: 21211,
  moreInfo: 'https://www.twilio.com/docs/errors/21211',
  details: undefined
}
[2021-12-11T20:56:57.199] [ERROR] errors - RestException [Error]: The 'To' number whatsapp:++549113112254 is not a valid phone number.
    at success (F:\backup\Coderhouse\Backend\ct_at_home\backend\node_modules\twilio\lib\base\Version.js:135:15)
    at Promise_then_fulfilled (F:\backup\Coderhouse\Backend\ct_at_home\backend\node_modules\q\q.js:766:44)
    at Promise_done_fulfilled (F:\backup\Coderhouse\Backend\ct_at_home\backend\node_modules\q\q.js:835:31)
    at Fulfilled_dispatch [as dispatch] (F:\backup\Coderhouse\Backend\ct_at_home\backend\node_modules\q\q.js:1229:9)
    at Pending_become_eachMessage_task (F:\backup\Coderhouse\Backend\ct_at_home\backend\node_modules\q\q.js:1369:30)
    at RawTask.call (F:\backup\Coderhouse\Backend\ct_at_home\backend\node_modules\asap\asap.js:40:19)
    at flush (F:\backup\Coderhouse\Backend\ct_at_home\backend\node_modules\asap\raw.js:50:29)
    at processTicksAndRejections (internal/process/task_queues.js:77:11) {
  status: 400,
  code: 21211,
  moreInfo: 'https://www.twilio.com/docs/errors/21211',
  details: undefined
}
[2021-12-11T20:57:34.120] [ERROR] errors - Error: Error: Request for cart undefined already exists and is pending
    at Module.createRequest (file:///F:/backup/Coderhouse/Backend/ct_at_home/backend/src/services/requests.services.mongo.js:12:9)
    at processTicksAndRejections (internal/process/task_queues.js:95:5)
    at async Module.buyCart (file:///F:/backup/Coderhouse/Backend/ct_at_home/backend/src/services/cart.services.mongo.js:121:3)
    at async buyCart (file:///F:/backup/Coderhouse/Backend/ct_at_home/backend/src/controllers/cart.controller.js:86:24)
[2021-12-11T20:57:34.122] [ERROR] errors - Error: Error: Request for cart undefined already exists and is pending
[2021-12-11T21:04:29.733] [ERROR] errors - Error: Product quantity is superior to stock
    at file:///F:/backup/Coderhouse/Backend/ct_at_home/backend/src/services/cart.services.mongo.js:115:11
    at Array.map (<anonymous>)
    at Proxy.methods.<computed> (F:\backup\Coderhouse\Backend\ct_at_home\backend\node_modules\mongoose\lib\types\array\methods\index.js:956:24)
    at Module.buyCart (file:///F:/backup/Coderhouse/Backend/ct_at_home/backend/src/services/cart.services.mongo.js:109:34)
    at processTicksAndRejections (internal/process/task_queues.js:95:5)
    at async buyCart (file:///F:/backup/Coderhouse/Backend/ct_at_home/backend/src/controllers/cart.controller.js:86:24)
[2021-12-11T21:04:35.694] [ERROR] errors - Error: Product quantity is superior to stock
[2021-12-11T21:06:06.370] [ERROR] errors - RestException [Error]: The 'To' number +1234567890 is not a valid phone number.
    at success (F:\backup\Coderhouse\Backend\ct_at_home\backend\node_modules\twilio\lib\base\Version.js:135:15)
    at Promise_then_fulfilled (F:\backup\Coderhouse\Backend\ct_at_home\backend\node_modules\q\q.js:766:44)
    at Promise_done_fulfilled (F:\backup\Coderhouse\Backend\ct_at_home\backend\node_modules\q\q.js:835:31)
    at Fulfilled_dispatch [as dispatch] (F:\backup\Coderhouse\Backend\ct_at_home\backend\node_modules\q\q.js:1229:9)
    at Pending_become_eachMessage_task (F:\backup\Coderhouse\Backend\ct_at_home\backend\node_modules\q\q.js:1369:30)
    at RawTask.call (F:\backup\Coderhouse\Backend\ct_at_home\backend\node_modules\asap\asap.js:40:19)
    at flush (F:\backup\Coderhouse\Backend\ct_at_home\backend\node_modules\asap\raw.js:50:29)
    at processTicksAndRejections (internal/process/task_queues.js:77:11) {
  status: 400,
  code: 21211,
  moreInfo: 'https://www.twilio.com/docs/errors/21211',
  details: undefined
}
[2021-12-11T21:08:31.655] [ERROR] errors - RestException [Error]: The 'To' number +1234567890 is not a valid phone number.
    at success (F:\backup\Coderhouse\Backend\ct_at_home\backend\node_modules\twilio\lib\base\Version.js:135:15)
    at Promise_then_fulfilled (F:\backup\Coderhouse\Backend\ct_at_home\backend\node_modules\q\q.js:766:44)
    at Promise_done_fulfilled (F:\backup\Coderhouse\Backend\ct_at_home\backend\node_modules\q\q.js:835:31)
    at Fulfilled_dispatch [as dispatch] (F:\backup\Coderhouse\Backend\ct_at_home\backend\node_modules\q\q.js:1229:9)
    at Pending_become_eachMessage_task (F:\backup\Coderhouse\Backend\ct_at_home\backend\node_modules\q\q.js:1369:30)
    at RawTask.call (F:\backup\Coderhouse\Backend\ct_at_home\backend\node_modules\asap\asap.js:40:19)
    at flush (F:\backup\Coderhouse\Backend\ct_at_home\backend\node_modules\asap\raw.js:50:29)
    at processTicksAndRejections (internal/process/task_queues.js:77:11) {
  status: 400,
  code: 21211,
  moreInfo: 'https://www.twilio.com/docs/errors/21211',
  details: undefined
}
[2021-12-11T21:14:25.324] [ERROR] errors - RestException [Error]: The 'To' number +1234567890 is not a valid phone number.
    at success (F:\backup\Coderhouse\Backend\ct_at_home\backend\node_modules\twilio\lib\base\Version.js:135:15)
    at Promise_then_fulfilled (F:\backup\Coderhouse\Backend\ct_at_home\backend\node_modules\q\q.js:766:44)
    at Promise_done_fulfilled (F:\backup\Coderhouse\Backend\ct_at_home\backend\node_modules\q\q.js:835:31)
    at Fulfilled_dispatch [as dispatch] (F:\backup\Coderhouse\Backend\ct_at_home\backend\node_modules\q\q.js:1229:9)
    at Pending_become_eachMessage_task (F:\backup\Coderhouse\Backend\ct_at_home\backend\node_modules\q\q.js:1369:30)
    at RawTask.call (F:\backup\Coderhouse\Backend\ct_at_home\backend\node_modules\asap\asap.js:40:19)
    at flush (F:\backup\Coderhouse\Backend\ct_at_home\backend\node_modules\asap\raw.js:50:29)
    at processTicksAndRejections (internal/process/task_queues.js:77:11) {
  status: 400,
  code: 21211,
  moreInfo: 'https://www.twilio.com/docs/errors/21211',
  details: undefined
}
[2021-12-11T21:14:25.327] [ERROR] errors - The 'To' number +1234567890 is not a valid phone number.
[2021-12-11T21:19:18.689] [ERROR] errors - Error: Error: Request for cart 61b535b4833883f779951711 already exists and is pending
    at Module.createRequest (file:///F:/backup/Coderhouse/Backend/ct_at_home/backend/src/services/requests.services.mongo.js:12:9)
    at processTicksAndRejections (internal/process/task_queues.js:95:5)
    at async Module.buyCart (file:///F:/backup/Coderhouse/Backend/ct_at_home/backend/src/services/cart.services.mongo.js:121:3)
    at async buyCart (file:///F:/backup/Coderhouse/Backend/ct_at_home/backend/src/controllers/cart.controller.js:86:24)
[2021-12-11T21:19:18.691] [ERROR] errors - Error: Error: Request for cart 61b535b4833883f779951711 already exists and is pending
[2021-12-11T21:19:37.704] [ERROR] errors - Error sending message to 1234567890 with error Error: The 'To' number +1234567890 is not a valid phone number.
[2021-12-11T21:20:19.759] [ERROR] errors - Error: Product quantity is superior to stock
    at file:///F:/backup/Coderhouse/Backend/ct_at_home/backend/src/services/cart.services.mongo.js:115:11
    at Array.map (<anonymous>)
    at Proxy.methods.<computed> (F:\backup\Coderhouse\Backend\ct_at_home\backend\node_modules\mongoose\lib\types\array\methods\index.js:956:24)
    at Module.buyCart (file:///F:/backup/Coderhouse/Backend/ct_at_home/backend/src/services/cart.services.mongo.js:109:34)
    at processTicksAndRejections (internal/process/task_queues.js:95:5)
    at async buyCart (file:///F:/backup/Coderhouse/Backend/ct_at_home/backend/src/controllers/cart.controller.js:86:24)
[2021-12-11T21:20:19.761] [ERROR] errors - Error: Product quantity is superior to stock
[2021-12-11T21:21:03.916] [ERROR] errors - Error sending message to 1234567890 with error Error: The 'To' number +1234567890 is not a valid phone number.
[2021-12-11T21:24:38.323] [ERROR] errors - TypeError: Cannot read property 'stock' of null
    at file:///F:/backup/Coderhouse/Backend/ct_at_home/backend/src/services/cart.services.mongo.js:112:17
    at Array.map (<anonymous>)
    at Proxy.methods.<computed> (F:\backup\Coderhouse\Backend\ct_at_home\backend\node_modules\mongoose\lib\types\array\methods\index.js:956:24)
    at Module.buyCart (file:///F:/backup/Coderhouse/Backend/ct_at_home/backend/src/services/cart.services.mongo.js:109:34)
    at processTicksAndRejections (internal/process/task_queues.js:95:5)
    at async buyCart (file:///F:/backup/Coderhouse/Backend/ct_at_home/backend/src/controllers/cart.controller.js:86:24)
[2021-12-11T21:24:38.326] [ERROR] errors - TypeError: Cannot read property 'stock' of null
[2021-12-11T21:26:52.077] [ERROR] errors - Error: Error: Request for cart 61b535b4833883f779951711 already exists and is pending
    at Module.createRequest (file:///F:/backup/Coderhouse/Backend/ct_at_home/backend/src/services/requests.services.mongo.js:12:9)
    at processTicksAndRejections (internal/process/task_queues.js:95:5)
    at async Module.buyCart (file:///F:/backup/Coderhouse/Backend/ct_at_home/backend/src/services/cart.services.mongo.js:121:3)
    at async buyCart (file:///F:/backup/Coderhouse/Backend/ct_at_home/backend/src/controllers/cart.controller.js:86:24)
[2021-12-11T21:26:52.079] [ERROR] errors - Error: Error: Request for cart 61b535b4833883f779951711 already exists and is pending
[2021-12-11T21:27:13.310] [ERROR] errors - Error sending message to 1234567890 with error Error: The 'To' number +1234567890 is not a valid phone number.
[2021-12-11T21:29:32.318] [ERROR] errors - Error sending message to 1234567890 with error Error: The 'To' number +1234567890 is not a valid phone number.
[2021-12-11T21:30:03.179] [ERROR] errors - Error sending message to 1234567890 with error Error: The 'To' number +1234567890 is not a valid phone number.
[2021-12-11T21:46:01.795] [ERROR] errors - Error getting requests Error: ReferenceError: _id is not defined
[2021-12-15T00:44:06.073] [ERROR] errors - Invalid Password
[2021-12-15T00:44:06.074] [ERROR] errors - POST /auth/login - AuthenticationError: Unauthorized
[2021-12-15T00:44:43.675] [ERROR] errors - Invalid Password
[2021-12-15T00:44:43.676] [ERROR] errors - POST /auth/login - AuthenticationError: Unauthorized
[2021-12-15T00:45:34.559] [ERROR] errors - Invalid Password
[2021-12-15T00:45:34.560] [ERROR] errors - POST /auth/login - AuthenticationError: Unauthorized
[2021-12-15T00:50:57.556] [ERROR] errors - Invalid Password
[2021-12-15T00:50:57.556] [ERROR] errors - POST /auth/login - AuthenticationError: Unauthorized
[2021-12-15T00:51:07.962] [ERROR] errors - Invalid Password
[2021-12-15T00:51:07.962] [ERROR] errors - POST /auth/login - AuthenticationError: Unauthorized
[2021-12-15T00:59:57.701] [ERROR] errors - Invalid Password
[2021-12-15T00:59:57.702] [ERROR] errors - POST /auth/login - AuthenticationError: Unauthorized
[2021-12-15T01:00:31.637] [ERROR] errors - Invalid Password
[2021-12-15T01:00:31.638] [ERROR] errors - POST /auth/login - AuthenticationError: Unauthorized
[2021-12-15T01:00:43.871] [ERROR] errors - Invalid Password
[2021-12-15T01:00:43.871] [ERROR] errors - POST /auth/login - AuthenticationError: Unauthorized
[2021-12-15T01:01:04.886] [ERROR] errors - Invalid Password
[2021-12-15T01:01:04.886] [ERROR] errors - POST /auth/login - AuthenticationError: Unauthorized
[2021-12-15T01:01:40.416] [ERROR] errors - Invalid Password
[2021-12-15T01:01:40.416] [ERROR] errors - POST /auth/login - AuthenticationError: Unauthorized
[2021-12-15T01:02:08.464] [ERROR] errors - Invalid Password
[2021-12-15T01:02:08.464] [ERROR] errors - POST /auth/login - AuthenticationError: Unauthorized
[2021-12-15T02:04:13.934] [ERROR] errors - Error: Product 123448 already exists
[2021-12-15T02:53:08.951] [ERROR] errors - Invalid Password
[2021-12-15T02:53:08.952] [ERROR] errors - POST /auth/login - AuthenticationError: Unauthorized
[2021-12-15T02:53:14.505] [ERROR] errors - Invalid Password
[2021-12-15T02:53:14.505] [ERROR] errors - POST /auth/login - AuthenticationError: Unauthorized
[2021-12-15T02:53:39.082] [ERROR] errors - CastError: Cast to ObjectId failed for value "undefined" (type string) at path "_id" for model "products"
[2021-12-15T04:00:52.780] [ERROR] errors - Error: ReferenceError: cart is not defined
    at Module.createRequest (file:///F:/backup/Coderhouse/Backend/ct_at_home/backend/src/services/requests.services.mongo.js:12:9)
    at runMicrotasks (<anonymous>)
    at processTicksAndRejections (internal/process/task_queues.js:95:5)
    at async Module.buyCart (file:///F:/backup/Coderhouse/Backend/ct_at_home/backend/src/services/cart.services.mongo.js:124:3)
    at async buyCart (file:///F:/backup/Coderhouse/Backend/ct_at_home/backend/src/controllers/cart.controller.js:86:24)
[2021-12-15T04:00:52.782] [ERROR] errors - Error: ReferenceError: cart is not defined
[2021-12-15T04:02:05.196] [ERROR] errors - Error: ReferenceError: cart is not defined
    at Module.createRequest (file:///F:/backup/Coderhouse/Backend/ct_at_home/backend/src/services/requests.services.mongo.js:12:9)
    at processTicksAndRejections (internal/process/task_queues.js:95:5)
    at async Module.buyCart (file:///F:/backup/Coderhouse/Backend/ct_at_home/backend/src/services/cart.services.mongo.js:124:3)
    at async buyCart (file:///F:/backup/Coderhouse/Backend/ct_at_home/backend/src/controllers/cart.controller.js:86:24)
[2021-12-15T04:02:05.198] [ERROR] errors - Error: ReferenceError: cart is not defined
[2021-12-15T04:02:48.870] [ERROR] errors - Error sending message to 123 with error Error: The 'To' number +123 is not a valid phone number.
[2021-12-15T04:06:11.481] [ERROR] errors - Error sending message to 123 with error Error: The 'To' number +123 is not a valid phone number.
[2021-12-15T04:06:22.122] [ERROR] errors - User not found
[2021-12-15T04:06:26.802] [ERROR] errors - User not found
[2021-12-15T04:06:32.807] [ERROR] errors - User not found
